{"/Users/bruneljohnson/Desktop/BRUNEL'S CODE/Visual Studio Code/Projects/Full-Stack/Sneakerz/packages/user-service/lib/user-service-stack.ts": {"path":"/Users/bruneljohnson/Desktop/BRUNEL'S CODE/Visual Studio Code/Projects/Full-Stack/Sneakerz/packages/user-service/lib/user-service-stack.ts","statementMap":{"0":{"start":{"line":1,"column":0},"end":{"line":1,"column":35}},"1":{"start":{"line":3,"column":0},"end":{"line":3,"column":49}},"2":{"start":{"line":4,"column":0},"end":{"line":4,"column":35}},"3":{"start":{"line":5,"column":0},"end":{"line":5,"column":63}},"4":{"start":{"line":6,"column":0},"end":{"line":6,"column":62}},"5":{"start":{"line":7,"column":0},"end":{"line":7,"column":85}},"6":{"start":{"line":8,"column":0},"end":{"line":8,"column":87}},"7":{"start":{"line":9,"column":0},"end":{"line":9,"column":141}},"8":{"start":{"line":10,"column":0},"end":{"line":10,"column":24}},"9":{"start":{"line":16,"column":4},"end":{"line":16,"column":28}},"10":{"start":{"line":19,"column":28},"end":{"line":41,"column":6}},"11":{"start":{"line":44,"column":4},"end":{"line":48,"column":7}},"12":{"start":{"line":51,"column":19},"end":{"line":51,"column":44}},"13":{"start":{"line":52,"column":31},"end":{"line":55,"column":6}},"14":{"start":{"line":58,"column":4},"end":{"line":86,"column":6}},"15":{"start":{"line":91,"column":23},"end":{"line":104,"column":6}},"16":{"start":{"line":107,"column":26},"end":{"line":120,"column":6}},"17":{"start":{"line":125,"column":25},"end":{"line":141,"column":6}},"18":{"start":{"line":144,"column":22},"end":{"line":157,"column":6}},"19":{"start":{"line":160,"column":25},"end":{"line":173,"column":6}},"20":{"start":{"line":176,"column":25},"end":{"line":189,"column":6}},"21":{"start":{"line":192,"column":31},"end":{"line":192,"column":112}},"22":{"start":{"line":193,"column":34},"end":{"line":193,"column":121}},"23":{"start":{"line":194,"column":34},"end":{"line":194,"column":121}},"24":{"start":{"line":195,"column":34},"end":{"line":195,"column":121}},"25":{"start":{"line":200,"column":28},"end":{"line":216,"column":6}},"26":{"start":{"line":219,"column":28},"end":{"line":232,"column":6}},"27":{"start":{"line":235,"column":28},"end":{"line":248,"column":6}},"28":{"start":{"line":251,"column":37},"end":{"line":251,"column":130}},"29":{"start":{"line":252,"column":37},"end":{"line":252,"column":130}},"30":{"start":{"line":253,"column":37},"end":{"line":253,"column":130}},"31":{"start":{"line":256,"column":32},"end":{"line":256,"column":115}},"32":{"start":{"line":257,"column":35},"end":{"line":257,"column":125}},"33":{"start":{"line":260,"column":4},"end":{"line":265,"column":7}},"34":{"start":{"line":266,"column":4},"end":{"line":271,"column":7}},"35":{"start":{"line":273,"column":4},"end":{"line":278,"column":7}},"36":{"start":{"line":280,"column":4},"end":{"line":285,"column":7}},"37":{"start":{"line":287,"column":4},"end":{"line":292,"column":7}},"38":{"start":{"line":294,"column":4},"end":{"line":299,"column":7}},"39":{"start":{"line":301,"column":4},"end":{"line":306,"column":7}},"40":{"start":{"line":308,"column":4},"end":{"line":313,"column":7}},"41":{"start":{"line":315,"column":4},"end":{"line":320,"column":7}},"42":{"start":{"line":322,"column":4},"end":{"line":327,"column":7}},"43":{"start":{"line":329,"column":4},"end":{"line":334,"column":7}},"44":{"start":{"line":336,"column":4},"end":{"line":341,"column":7}},"45":{"start":{"line":343,"column":4},"end":{"line":348,"column":7}},"46":{"start":{"line":350,"column":4},"end":{"line":355,"column":7}},"47":{"start":{"line":358,"column":4},"end":{"line":358,"column":59}},"48":{"start":{"line":359,"column":4},"end":{"line":359,"column":56}},"49":{"start":{"line":360,"column":4},"end":{"line":360,"column":56}},"50":{"start":{"line":361,"column":4},"end":{"line":361,"column":53}},"51":{"start":{"line":362,"column":4},"end":{"line":362,"column":56}},"52":{"start":{"line":363,"column":4},"end":{"line":363,"column":59}},"53":{"start":{"line":364,"column":4},"end":{"line":364,"column":59}},"54":{"start":{"line":365,"column":4},"end":{"line":365,"column":59}},"55":{"start":{"line":366,"column":4},"end":{"line":366,"column":57}},"56":{"start":{"line":367,"column":4},"end":{"line":367,"column":54}},"57":{"start":{"line":14,"column":0},"end":{"line":14,"column":13}}},"fnMap":{"0":{"name":"(anonymous_7)","decl":{"start":{"line":15,"column":2},"end":{"line":15,"column":14}},"loc":{"start":{"line":15,"column":66},"end":{"line":377,"column":3}}}},"branchMap":{},"s":{"0":1,"1":1,"2":1,"3":1,"4":1,"5":1,"6":1,"7":1,"8":1,"9":1,"10":1,"11":1,"12":1,"13":1,"14":1,"15":1,"16":1,"17":1,"18":1,"19":1,"20":1,"21":1,"22":1,"23":1,"24":1,"25":1,"26":1,"27":1,"28":1,"29":1,"30":1,"31":1,"32":1,"33":1,"34":1,"35":1,"36":1,"37":1,"38":1,"39":1,"40":1,"41":1,"42":1,"43":1,"44":1,"45":1,"46":1,"47":1,"48":1,"49":1,"50":1,"51":1,"52":1,"53":1,"54":1,"55":1,"56":1,"57":1},"f":{"0":1},"b":{}}
,"/Users/bruneljohnson/Desktop/BRUNEL'S CODE/Visual Studio Code/Projects/Full-Stack/Sneakerz/packages/user-service/src/config/auth.ts": {"path":"/Users/bruneljohnson/Desktop/BRUNEL'S CODE/Visual Studio Code/Projects/Full-Stack/Sneakerz/packages/user-service/src/config/auth.ts","statementMap":{"0":{"start":{"line":1,"column":0},"end":{"line":1,"column":36}},"1":{"start":{"line":3,"column":0},"end":{"line":3,"column":78}},"2":{"start":{"line":14,"column":34},"end":{"line":34,"column":1}},"3":{"start":{"line":15,"column":2},"end":{"line":33,"column":null}},"4":{"start":{"line":16,"column":4},"end":{"line":30,"column":null}},"5":{"start":{"line":17,"column":49},"end":{"line":18,"column":null}},"6":{"start":{"line":21,"column":17},"end":{"line":21,"column":43}},"7":{"start":{"line":24,"column":26},"end":{"line":24,"column":51}},"8":{"start":{"line":25,"column":23},"end":{"line":25,"column":57}},"9":{"start":{"line":27,"column":6},"end":{"line":27,"column":22}},"10":{"start":{"line":29,"column":6},"end":{"line":29,"column":64}},"11":{"start":{"line":32,"column":4},"end":{"line":32,"column":62}},"12":{"start":{"line":14,"column":13},"end":{"line":14,"column":34}}},"fnMap":{"0":{"name":"(anonymous_1)","decl":{"start":{"line":14,"column":34},"end":{"line":14,"column":39}},"loc":{"start":{"line":14,"column":72},"end":{"line":34,"column":1}}}},"branchMap":{"0":{"loc":{"start":{"line":16,"column":4},"end":{"line":30,"column":null}},"type":"if","locations":[{"start":{"line":16,"column":4},"end":{"line":30,"column":null}},{"start":{"line":28,"column":11},"end":{"line":30,"column":null}}]},"1":{"loc":{"start":{"line":16,"column":8},"end":{"line":16,"column":89}},"type":"binary-expr","locations":[{"start":{"line":16,"column":8},"end":{"line":16,"column":36}},{"start":{"line":16,"column":40},"end":{"line":16,"column":89}}]}},"s":{"0":1,"1":1,"2":1,"3":2,"4":2,"5":2,"6":2,"7":2,"8":2,"9":1,"10":0,"11":1,"12":1},"f":{"0":2},"b":{"0":[2,0],"1":[2,2]}}
,"/Users/bruneljohnson/Desktop/BRUNEL'S CODE/Visual Studio Code/Projects/Full-Stack/Sneakerz/packages/user-service/src/config/get-management-accesstoken.ts": {"path":"/Users/bruneljohnson/Desktop/BRUNEL'S CODE/Visual Studio Code/Projects/Full-Stack/Sneakerz/packages/user-service/src/config/get-management-accesstoken.ts","statementMap":{"0":{"start":{"line":1,"column":0},"end":{"line":1,"column":26}},"1":{"start":{"line":2,"column":0},"end":{"line":2,"column":62}},"2":{"start":{"line":10,"column":33},"end":{"line":32,"column":1}},"3":{"start":{"line":11,"column":2},"end":{"line":31,"column":null}},"4":{"start":{"line":12,"column":21},"end":{"line":12,"column":42}},"5":{"start":{"line":13,"column":25},"end":{"line":13,"column":50}},"6":{"start":{"line":14,"column":24},"end":{"line":14,"column":48}},"7":{"start":{"line":16,"column":21},"end":{"line":24,"column":null}},"8":{"start":{"line":27,"column":23},"end":{"line":27,"column":62}},"9":{"start":{"line":28,"column":4},"end":{"line":28,"column":35}},"10":{"start":{"line":30,"column":4},"end":{"line":30,"column":79}},"11":{"start":{"line":10,"column":13},"end":{"line":10,"column":33}},"12":{"start":{"line":39,"column":34},"end":{"line":60,"column":1}},"13":{"start":{"line":40,"column":2},"end":{"line":59,"column":null}},"14":{"start":{"line":41,"column":21},"end":{"line":41,"column":42}},"15":{"start":{"line":42,"column":25},"end":{"line":42,"column":50}},"16":{"start":{"line":44,"column":21},"end":{"line":52,"column":null}},"17":{"start":{"line":55,"column":23},"end":{"line":55,"column":62}},"18":{"start":{"line":56,"column":4},"end":{"line":56,"column":35}},"19":{"start":{"line":58,"column":4},"end":{"line":58,"column":69}},"20":{"start":{"line":39,"column":13},"end":{"line":39,"column":34}},"21":{"start":{"line":69,"column":27},"end":{"line":88,"column":1}},"22":{"start":{"line":70,"column":2},"end":{"line":87,"column":null}},"23":{"start":{"line":71,"column":21},"end":{"line":73,"column":6}},"24":{"start":{"line":75,"column":17},"end":{"line":75,"column":51}},"25":{"start":{"line":77,"column":23},"end":{"line":83,"column":6}},"26":{"start":{"line":84,"column":4},"end":{"line":84,"column":16}},"27":{"start":{"line":86,"column":4},"end":{"line":86,"column":56}},"28":{"start":{"line":69,"column":13},"end":{"line":69,"column":27}}},"fnMap":{"0":{"name":"(anonymous_1)","decl":{"start":{"line":10,"column":33},"end":{"line":10,"column":38}},"loc":{"start":{"line":10,"column":61},"end":{"line":32,"column":1}}},"1":{"name":"(anonymous_2)","decl":{"start":{"line":39,"column":34},"end":{"line":39,"column":39}},"loc":{"start":{"line":39,"column":62},"end":{"line":60,"column":1}}},"2":{"name":"(anonymous_3)","decl":{"start":{"line":69,"column":27},"end":{"line":69,"column":32}},"loc":{"start":{"line":69,"column":84},"end":{"line":88,"column":1}}}},"branchMap":{},"s":{"0":1,"1":1,"2":1,"3":1,"4":1,"5":1,"6":1,"7":1,"8":1,"9":1,"10":0,"11":1,"12":1,"13":0,"14":0,"15":0,"16":0,"17":0,"18":0,"19":0,"20":1,"21":1,"22":1,"23":1,"24":0,"25":0,"26":0,"27":1,"28":1},"f":{"0":1,"1":0,"2":1},"b":{}}
,"/Users/bruneljohnson/Desktop/BRUNEL'S CODE/Visual Studio Code/Projects/Full-Stack/Sneakerz/packages/user-service/src/config/index.ts": {"path":"/Users/bruneljohnson/Desktop/BRUNEL'S CODE/Visual Studio Code/Projects/Full-Stack/Sneakerz/packages/user-service/src/config/index.ts","statementMap":{"0":{"start":{"line":1,"column":0},"end":{"line":1,"column":23}},"1":{"start":{"line":2,"column":0},"end":{"line":2,"column":45}}},"fnMap":{},"branchMap":{},"s":{"0":1,"1":1},"f":{},"b":{}}
,"/Users/bruneljohnson/Desktop/BRUNEL'S CODE/Visual Studio Code/Projects/Full-Stack/Sneakerz/packages/user-service/src/config/database/db.ts": {"path":"/Users/bruneljohnson/Desktop/BRUNEL'S CODE/Visual Studio Code/Projects/Full-Stack/Sneakerz/packages/user-service/src/config/database/db.ts","statementMap":{"0":{"start":{"line":1,"column":0},"end":{"line":1,"column":32}},"1":{"start":{"line":3,"column":68},"end":{"line":3,"column":72}},"2":{"start":{"line":4,"column":20},"end":{"line":4,"column":38}},"3":{"start":{"line":6,"column":29},"end":{"line":23,"column":1}},"4":{"start":{"line":7,"column":2},"end":{"line":9,"column":null}},"5":{"start":{"line":8,"column":4},"end":{"line":8,"column":69}},"6":{"start":{"line":11,"column":2},"end":{"line":20,"column":null}},"7":{"start":{"line":12,"column":4},"end":{"line":16,"column":28}},"8":{"start":{"line":16,"column":18},"end":{"line":16,"column":26}},"9":{"start":{"line":19,"column":4},"end":{"line":19,"column":29}},"10":{"start":{"line":22,"column":2},"end":{"line":22,"column":28}},"11":{"start":{"line":6,"column":13},"end":{"line":6,"column":29}}},"fnMap":{"0":{"name":"(anonymous_1)","decl":{"start":{"line":6,"column":29},"end":{"line":6,"column":34}},"loc":{"start":{"line":6,"column":40},"end":{"line":23,"column":1}}},"1":{"name":"(anonymous_2)","decl":{"start":{"line":16,"column":12},"end":{"line":16,"column":15}},"loc":{"start":{"line":16,"column":18},"end":{"line":16,"column":26}}}},"branchMap":{"0":{"loc":{"start":{"line":7,"column":2},"end":{"line":9,"column":null}},"type":"if","locations":[{"start":{"line":7,"column":2},"end":{"line":9,"column":null}}]},"1":{"loc":{"start":{"line":11,"column":2},"end":{"line":20,"column":null}},"type":"if","locations":[{"start":{"line":11,"column":2},"end":{"line":20,"column":null}}]}},"s":{"0":7,"1":7,"2":7,"3":7,"4":29,"5":0,"6":29,"7":7,"8":7,"9":7,"10":29,"11":7},"f":{"0":29,"1":7},"b":{"0":[0],"1":[7]}}
,"/Users/bruneljohnson/Desktop/BRUNEL'S CODE/Visual Studio Code/Projects/Full-Stack/Sneakerz/packages/user-service/src/controllers/catch-all.ts": {"path":"/Users/bruneljohnson/Desktop/BRUNEL'S CODE/Visual Studio Code/Projects/Full-Stack/Sneakerz/packages/user-service/src/controllers/catch-all.ts","statementMap":{"0":{"start":{"line":3,"column":47},"end":{"line":9,"column":1}},"1":{"start":{"line":4,"column":2},"end":{"line":8,"column":4}},"2":{"start":{"line":3,"column":13},"end":{"line":3,"column":47}}},"fnMap":{"0":{"name":"(anonymous_0)","decl":{"start":{"line":3,"column":47},"end":{"line":3,"column":52}},"loc":{"start":{"line":3,"column":72},"end":{"line":9,"column":1}}}},"branchMap":{},"s":{"0":1,"1":1,"2":1},"f":{"0":1},"b":{}}
,"/Users/bruneljohnson/Desktop/BRUNEL'S CODE/Visual Studio Code/Projects/Full-Stack/Sneakerz/packages/user-service/src/controllers/create-user-address.ts": {"path":"/Users/bruneljohnson/Desktop/BRUNEL'S CODE/Visual Studio Code/Projects/Full-Stack/Sneakerz/packages/user-service/src/controllers/create-user-address.ts","statementMap":{"0":{"start":{"line":2,"column":0},"end":{"line":2,"column":71}},"1":{"start":{"line":3,"column":0},"end":{"line":3,"column":54}},"2":{"start":{"line":7,"column":47},"end":{"line":43,"column":1}},"3":{"start":{"line":8,"column":2},"end":{"line":42,"column":null}},"4":{"start":{"line":9,"column":4},"end":{"line":9,"column":51}},"5":{"start":{"line":11,"column":4},"end":{"line":11,"column":26}},"6":{"start":{"line":13,"column":20},"end":{"line":13,"column":50}},"7":{"start":{"line":14,"column":29},"end":{"line":14,"column":71}},"8":{"start":{"line":16,"column":4},"end":{"line":34,"column":null}},"9":{"start":{"line":17,"column":23},"end":{"line":17,"column":39}},"10":{"start":{"line":18,"column":41},"end":{"line":25,"column":8}},"11":{"start":{"line":26,"column":25},"end":{"line":26,"column":61}},"12":{"start":{"line":27,"column":6},"end":{"line":31,"column":8}},"13":{"start":{"line":33,"column":6},"end":{"line":33,"column":49}},"14":{"start":{"line":36,"column":16},"end":{"line":36,"column":31}},"15":{"start":{"line":37,"column":4},"end":{"line":41,"column":6}},"16":{"start":{"line":7,"column":13},"end":{"line":7,"column":47}}},"fnMap":{"0":{"name":"(anonymous_0)","decl":{"start":{"line":7,"column":47},"end":{"line":7,"column":52}},"loc":{"start":{"line":7,"column":72},"end":{"line":43,"column":1}}}},"branchMap":{"0":{"loc":{"start":{"line":13,"column":31},"end":{"line":13,"column":49}},"type":"binary-expr","locations":[{"start":{"line":13,"column":31},"end":{"line":13,"column":41}},{"start":{"line":13,"column":45},"end":{"line":13,"column":49}}]},"1":{"loc":{"start":{"line":16,"column":4},"end":{"line":34,"column":null}},"type":"if","locations":[{"start":{"line":16,"column":4},"end":{"line":34,"column":null}},{"start":{"line":32,"column":11},"end":{"line":34,"column":null}}]}},"s":{"0":1,"1":1,"2":1,"3":4,"4":4,"5":4,"6":4,"7":4,"8":4,"9":3,"10":3,"11":3,"12":1,"13":1,"14":3,"15":3,"16":1},"f":{"0":4},"b":{"0":[4,0],"1":[3,1]}}
,"/Users/bruneljohnson/Desktop/BRUNEL'S CODE/Visual Studio Code/Projects/Full-Stack/Sneakerz/packages/user-service/src/controllers/delete-user-address.ts": {"path":"/Users/bruneljohnson/Desktop/BRUNEL'S CODE/Visual Studio Code/Projects/Full-Stack/Sneakerz/packages/user-service/src/controllers/delete-user-address.ts","statementMap":{"0":{"start":{"line":2,"column":0},"end":{"line":2,"column":43}},"1":{"start":{"line":3,"column":0},"end":{"line":3,"column":54}},"2":{"start":{"line":6,"column":47},"end":{"line":34,"column":1}},"3":{"start":{"line":7,"column":2},"end":{"line":33,"column":null}},"4":{"start":{"line":8,"column":4},"end":{"line":8,"column":51}},"5":{"start":{"line":9,"column":22},"end":{"line":9,"column":56}},"6":{"start":{"line":10,"column":4},"end":{"line":15,"column":8}},"7":{"start":{"line":11,"column":6},"end":{"line":15,"column":8}},"8":{"start":{"line":17,"column":4},"end":{"line":17,"column":26}},"9":{"start":{"line":19,"column":4},"end":{"line":19,"column":35}},"10":{"start":{"line":21,"column":4},"end":{"line":25,"column":6}},"11":{"start":{"line":27,"column":16},"end":{"line":27,"column":31}},"12":{"start":{"line":28,"column":4},"end":{"line":32,"column":6}},"13":{"start":{"line":6,"column":13},"end":{"line":6,"column":47}}},"fnMap":{"0":{"name":"(anonymous_0)","decl":{"start":{"line":6,"column":47},"end":{"line":6,"column":52}},"loc":{"start":{"line":6,"column":72},"end":{"line":34,"column":1}}}},"branchMap":{"0":{"loc":{"start":{"line":10,"column":4},"end":{"line":15,"column":8}},"type":"if","locations":[{"start":{"line":10,"column":4},"end":{"line":15,"column":8}}]}},"s":{"0":1,"1":1,"2":1,"3":6,"4":6,"5":6,"6":6,"7":1,"8":5,"9":5,"10":1,"11":4,"12":4,"13":1},"f":{"0":6},"b":{"0":[1]}}
,"/Users/bruneljohnson/Desktop/BRUNEL'S CODE/Visual Studio Code/Projects/Full-Stack/Sneakerz/packages/user-service/src/controllers/delete-user.ts": {"path":"/Users/bruneljohnson/Desktop/BRUNEL'S CODE/Visual Studio Code/Projects/Full-Stack/Sneakerz/packages/user-service/src/controllers/delete-user.ts","statementMap":{"0":{"start":{"line":2,"column":0},"end":{"line":2,"column":40}},"1":{"start":{"line":3,"column":0},"end":{"line":3,"column":54}},"2":{"start":{"line":6,"column":47},"end":{"line":35,"column":1}},"3":{"start":{"line":7,"column":2},"end":{"line":34,"column":null}},"4":{"start":{"line":8,"column":4},"end":{"line":8,"column":51}},"5":{"start":{"line":10,"column":19},"end":{"line":10,"column":53}},"6":{"start":{"line":11,"column":4},"end":{"line":16,"column":8}},"7":{"start":{"line":12,"column":6},"end":{"line":16,"column":8}},"8":{"start":{"line":18,"column":4},"end":{"line":18,"column":26}},"9":{"start":{"line":20,"column":4},"end":{"line":20,"column":29}},"10":{"start":{"line":22,"column":4},"end":{"line":26,"column":6}},"11":{"start":{"line":28,"column":16},"end":{"line":28,"column":31}},"12":{"start":{"line":29,"column":4},"end":{"line":33,"column":6}},"13":{"start":{"line":6,"column":13},"end":{"line":6,"column":47}}},"fnMap":{"0":{"name":"(anonymous_0)","decl":{"start":{"line":6,"column":47},"end":{"line":6,"column":52}},"loc":{"start":{"line":6,"column":72},"end":{"line":35,"column":1}}}},"branchMap":{"0":{"loc":{"start":{"line":11,"column":4},"end":{"line":16,"column":8}},"type":"if","locations":[{"start":{"line":11,"column":4},"end":{"line":16,"column":8}}]}},"s":{"0":1,"1":1,"2":1,"3":5,"4":5,"5":5,"6":5,"7":1,"8":4,"9":4,"10":1,"11":3,"12":3,"13":1},"f":{"0":5},"b":{"0":[1]}}
,"/Users/bruneljohnson/Desktop/BRUNEL'S CODE/Visual Studio Code/Projects/Full-Stack/Sneakerz/packages/user-service/src/controllers/get-user.ts": {"path":"/Users/bruneljohnson/Desktop/BRUNEL'S CODE/Visual Studio Code/Projects/Full-Stack/Sneakerz/packages/user-service/src/controllers/get-user.ts","statementMap":{"0":{"start":{"line":2,"column":0},"end":{"line":2,"column":37}},"1":{"start":{"line":3,"column":0},"end":{"line":3,"column":54}},"2":{"start":{"line":6,"column":47},"end":{"line":34,"column":1}},"3":{"start":{"line":7,"column":2},"end":{"line":33,"column":null}},"4":{"start":{"line":8,"column":4},"end":{"line":8,"column":51}},"5":{"start":{"line":9,"column":19},"end":{"line":9,"column":53}},"6":{"start":{"line":10,"column":4},"end":{"line":15,"column":8}},"7":{"start":{"line":11,"column":6},"end":{"line":15,"column":8}},"8":{"start":{"line":17,"column":4},"end":{"line":17,"column":26}},"9":{"start":{"line":19,"column":17},"end":{"line":19,"column":38}},"10":{"start":{"line":21,"column":4},"end":{"line":25,"column":6}},"11":{"start":{"line":27,"column":16},"end":{"line":27,"column":31}},"12":{"start":{"line":28,"column":4},"end":{"line":32,"column":6}},"13":{"start":{"line":6,"column":13},"end":{"line":6,"column":47}}},"fnMap":{"0":{"name":"(anonymous_0)","decl":{"start":{"line":6,"column":47},"end":{"line":6,"column":52}},"loc":{"start":{"line":6,"column":72},"end":{"line":34,"column":1}}}},"branchMap":{"0":{"loc":{"start":{"line":10,"column":4},"end":{"line":15,"column":8}},"type":"if","locations":[{"start":{"line":10,"column":4},"end":{"line":15,"column":8}}]}},"s":{"0":1,"1":1,"2":1,"3":4,"4":4,"5":4,"6":4,"7":1,"8":3,"9":3,"10":1,"11":2,"12":2,"13":1},"f":{"0":4},"b":{"0":[1]}}
,"/Users/bruneljohnson/Desktop/BRUNEL'S CODE/Visual Studio Code/Projects/Full-Stack/Sneakerz/packages/user-service/src/controllers/get-userinfo-create-user.ts": {"path":"/Users/bruneljohnson/Desktop/BRUNEL'S CODE/Visual Studio Code/Projects/Full-Stack/Sneakerz/packages/user-service/src/controllers/get-userinfo-create-user.ts","statementMap":{"0":{"start":{"line":2,"column":0},"end":{"line":2,"column":47}},"1":{"start":{"line":3,"column":0},"end":{"line":3,"column":41}},"2":{"start":{"line":4,"column":0},"end":{"line":4,"column":54}},"3":{"start":{"line":5,"column":0},"end":{"line":5,"column":32}},"4":{"start":{"line":7,"column":0},"end":{"line":7,"column":9}},"5":{"start":{"line":9,"column":47},"end":{"line":31,"column":1}},"6":{"start":{"line":10,"column":2},"end":{"line":30,"column":null}},"7":{"start":{"line":11,"column":4},"end":{"line":11,"column":51}},"8":{"start":{"line":13,"column":4},"end":{"line":13,"column":26}},"9":{"start":{"line":15,"column":21},"end":{"line":15,"column":52}},"10":{"start":{"line":16,"column":17},"end":{"line":16,"column":44}},"11":{"start":{"line":18,"column":4},"end":{"line":22,"column":6}},"12":{"start":{"line":24,"column":16},"end":{"line":24,"column":31}},"13":{"start":{"line":25,"column":4},"end":{"line":29,"column":6}},"14":{"start":{"line":9,"column":13},"end":{"line":9,"column":47}}},"fnMap":{"0":{"name":"(anonymous_0)","decl":{"start":{"line":9,"column":47},"end":{"line":9,"column":52}},"loc":{"start":{"line":9,"column":72},"end":{"line":31,"column":1}}}},"branchMap":{},"s":{"0":1,"1":1,"2":1,"3":1,"4":1,"5":1,"6":2,"7":2,"8":2,"9":2,"10":1,"11":1,"12":1,"13":1,"14":1},"f":{"0":2},"b":{}}
,"/Users/bruneljohnson/Desktop/BRUNEL'S CODE/Visual Studio Code/Projects/Full-Stack/Sneakerz/packages/user-service/src/controllers/health-check.ts": {"path":"/Users/bruneljohnson/Desktop/BRUNEL'S CODE/Visual Studio Code/Projects/Full-Stack/Sneakerz/packages/user-service/src/controllers/health-check.ts","statementMap":{"0":{"start":{"line":3,"column":47},"end":{"line":11,"column":1}},"1":{"start":{"line":4,"column":2},"end":{"line":10,"column":4}},"2":{"start":{"line":3,"column":13},"end":{"line":3,"column":47}}},"fnMap":{"0":{"name":"(anonymous_0)","decl":{"start":{"line":3,"column":47},"end":{"line":3,"column":52}},"loc":{"start":{"line":3,"column":72},"end":{"line":11,"column":1}}}},"branchMap":{},"s":{"0":1,"1":1,"2":1},"f":{"0":1},"b":{}}
,"/Users/bruneljohnson/Desktop/BRUNEL'S CODE/Visual Studio Code/Projects/Full-Stack/Sneakerz/packages/user-service/src/controllers/update-user-address.ts": {"path":"/Users/bruneljohnson/Desktop/BRUNEL'S CODE/Visual Studio Code/Projects/Full-Stack/Sneakerz/packages/user-service/src/controllers/update-user-address.ts","statementMap":{"0":{"start":{"line":2,"column":0},"end":{"line":2,"column":68}},"1":{"start":{"line":3,"column":0},"end":{"line":3,"column":54}},"2":{"start":{"line":7,"column":47},"end":{"line":49,"column":1}},"3":{"start":{"line":8,"column":2},"end":{"line":48,"column":null}},"4":{"start":{"line":9,"column":4},"end":{"line":9,"column":51}},"5":{"start":{"line":10,"column":22},"end":{"line":10,"column":56}},"6":{"start":{"line":11,"column":4},"end":{"line":16,"column":8}},"7":{"start":{"line":12,"column":6},"end":{"line":16,"column":8}},"8":{"start":{"line":18,"column":4},"end":{"line":18,"column":26}},"9":{"start":{"line":19,"column":20},"end":{"line":19,"column":50}},"10":{"start":{"line":20,"column":29},"end":{"line":20,"column":71}},"11":{"start":{"line":22,"column":4},"end":{"line":40,"column":null}},"12":{"start":{"line":23,"column":23},"end":{"line":23,"column":39}},"13":{"start":{"line":24,"column":41},"end":{"line":31,"column":8}},"14":{"start":{"line":32,"column":29},"end":{"line":32,"column":73}},"15":{"start":{"line":33,"column":6},"end":{"line":37,"column":8}},"16":{"start":{"line":39,"column":6},"end":{"line":39,"column":49}},"17":{"start":{"line":42,"column":16},"end":{"line":42,"column":31}},"18":{"start":{"line":43,"column":4},"end":{"line":47,"column":6}},"19":{"start":{"line":7,"column":13},"end":{"line":7,"column":47}}},"fnMap":{"0":{"name":"(anonymous_0)","decl":{"start":{"line":7,"column":47},"end":{"line":7,"column":52}},"loc":{"start":{"line":7,"column":72},"end":{"line":49,"column":1}}}},"branchMap":{"0":{"loc":{"start":{"line":11,"column":4},"end":{"line":16,"column":8}},"type":"if","locations":[{"start":{"line":11,"column":4},"end":{"line":16,"column":8}}]},"1":{"loc":{"start":{"line":19,"column":31},"end":{"line":19,"column":49}},"type":"binary-expr","locations":[{"start":{"line":19,"column":31},"end":{"line":19,"column":41}},{"start":{"line":19,"column":45},"end":{"line":19,"column":49}}]},"2":{"loc":{"start":{"line":22,"column":4},"end":{"line":40,"column":null}},"type":"if","locations":[{"start":{"line":22,"column":4},"end":{"line":40,"column":null}},{"start":{"line":38,"column":11},"end":{"line":40,"column":null}}]}},"s":{"0":1,"1":1,"2":1,"3":7,"4":7,"5":7,"6":7,"7":1,"8":6,"9":6,"10":6,"11":6,"12":5,"13":5,"14":5,"15":1,"16":1,"17":5,"18":5,"19":1},"f":{"0":7},"b":{"0":[1],"1":[6,0],"2":[5,1]}}
,"/Users/bruneljohnson/Desktop/BRUNEL'S CODE/Visual Studio Code/Projects/Full-Stack/Sneakerz/packages/user-service/src/controllers/update-user.ts": {"path":"/Users/bruneljohnson/Desktop/BRUNEL'S CODE/Visual Studio Code/Projects/Full-Stack/Sneakerz/packages/user-service/src/controllers/update-user.ts","statementMap":{"0":{"start":{"line":2,"column":0},"end":{"line":2,"column":62}},"1":{"start":{"line":3,"column":0},"end":{"line":3,"column":54}},"2":{"start":{"line":7,"column":47},"end":{"line":48,"column":1}},"3":{"start":{"line":8,"column":2},"end":{"line":47,"column":null}},"4":{"start":{"line":9,"column":4},"end":{"line":9,"column":51}},"5":{"start":{"line":10,"column":19},"end":{"line":10,"column":53}},"6":{"start":{"line":11,"column":4},"end":{"line":16,"column":8}},"7":{"start":{"line":12,"column":6},"end":{"line":16,"column":8}},"8":{"start":{"line":18,"column":4},"end":{"line":18,"column":26}},"9":{"start":{"line":19,"column":20},"end":{"line":19,"column":50}},"10":{"start":{"line":20,"column":29},"end":{"line":20,"column":68}},"11":{"start":{"line":22,"column":4},"end":{"line":39,"column":null}},"12":{"start":{"line":23,"column":23},"end":{"line":23,"column":39}},"13":{"start":{"line":24,"column":35},"end":{"line":30,"column":8}},"14":{"start":{"line":31,"column":26},"end":{"line":31,"column":61}},"15":{"start":{"line":32,"column":6},"end":{"line":36,"column":8}},"16":{"start":{"line":38,"column":6},"end":{"line":38,"column":49}},"17":{"start":{"line":41,"column":16},"end":{"line":41,"column":31}},"18":{"start":{"line":42,"column":4},"end":{"line":46,"column":6}},"19":{"start":{"line":7,"column":13},"end":{"line":7,"column":47}}},"fnMap":{"0":{"name":"(anonymous_0)","decl":{"start":{"line":7,"column":47},"end":{"line":7,"column":52}},"loc":{"start":{"line":7,"column":72},"end":{"line":48,"column":1}}}},"branchMap":{"0":{"loc":{"start":{"line":11,"column":4},"end":{"line":16,"column":8}},"type":"if","locations":[{"start":{"line":11,"column":4},"end":{"line":16,"column":8}}]},"1":{"loc":{"start":{"line":19,"column":31},"end":{"line":19,"column":49}},"type":"binary-expr","locations":[{"start":{"line":19,"column":31},"end":{"line":19,"column":41}},{"start":{"line":19,"column":45},"end":{"line":19,"column":49}}]},"2":{"loc":{"start":{"line":22,"column":4},"end":{"line":39,"column":null}},"type":"if","locations":[{"start":{"line":22,"column":4},"end":{"line":39,"column":null}},{"start":{"line":37,"column":11},"end":{"line":39,"column":null}}]}},"s":{"0":1,"1":1,"2":1,"3":6,"4":6,"5":6,"6":6,"7":1,"8":5,"9":5,"10":5,"11":5,"12":4,"13":4,"14":4,"15":1,"16":1,"17":4,"18":4,"19":1},"f":{"0":6},"b":{"0":[1],"1":[5,0],"2":[4,1]}}
,"/Users/bruneljohnson/Desktop/BRUNEL'S CODE/Visual Studio Code/Projects/Full-Stack/Sneakerz/packages/user-service/src/models/Address.ts": {"path":"/Users/bruneljohnson/Desktop/BRUNEL'S CODE/Visual Studio Code/Projects/Full-Stack/Sneakerz/packages/user-service/src/models/Address.ts","statementMap":{"0":{"start":{"line":1,"column":0},"end":{"line":1,"column":41}},"1":{"start":{"line":4,"column":22},"end":{"line":37,"column":null}},"2":{"start":{"line":40,"column":13},"end":{"line":40,"column":72}}},"fnMap":{},"branchMap":{},"s":{"0":7,"1":7,"2":7},"f":{},"b":{}}
,"/Users/bruneljohnson/Desktop/BRUNEL'S CODE/Visual Studio Code/Projects/Full-Stack/Sneakerz/packages/user-service/src/models/User.ts": {"path":"/Users/bruneljohnson/Desktop/BRUNEL'S CODE/Visual Studio Code/Projects/Full-Stack/Sneakerz/packages/user-service/src/models/User.ts","statementMap":{"0":{"start":{"line":1,"column":0},"end":{"line":1,"column":41}},"1":{"start":{"line":2,"column":0},"end":{"line":2,"column":34}},"2":{"start":{"line":5,"column":19},"end":{"line":45,"column":null}},"3":{"start":{"line":48,"column":13},"end":{"line":48,"column":60}}},"fnMap":{},"branchMap":{},"s":{"0":7,"1":7,"2":7,"3":7},"f":{},"b":{}}
,"/Users/bruneljohnson/Desktop/BRUNEL'S CODE/Visual Studio Code/Projects/Full-Stack/Sneakerz/packages/user-service/src/models/index.ts": {"path":"/Users/bruneljohnson/Desktop/BRUNEL'S CODE/Visual Studio Code/Projects/Full-Stack/Sneakerz/packages/user-service/src/models/index.ts","statementMap":{"0":{"start":{"line":1,"column":0},"end":{"line":1,"column":26}},"1":{"start":{"line":2,"column":0},"end":{"line":2,"column":23}}},"fnMap":{},"branchMap":{},"s":{"0":7,"1":7},"f":{},"b":{}}
,"/Users/bruneljohnson/Desktop/BRUNEL'S CODE/Visual Studio Code/Projects/Full-Stack/Sneakerz/packages/user-service/src/service/create-address-for-user.ts": {"path":"/Users/bruneljohnson/Desktop/BRUNEL'S CODE/Visual Studio Code/Projects/Full-Stack/Sneakerz/packages/user-service/src/service/create-address-for-user.ts","statementMap":{"0":{"start":{"line":1,"column":0},"end":{"line":1,"column":24}},"1":{"start":{"line":2,"column":0},"end":{"line":2,"column":43}},"2":{"start":{"line":7,"column":13},"end":{"line":14,"column":3}},"3":{"start":{"line":23,"column":32},"end":{"line":41,"column":1}},"4":{"start":{"line":24,"column":28},"end":{"line":24,"column":74}},"5":{"start":{"line":25,"column":2},"end":{"line":26,"column":83}},"6":{"start":{"line":26,"column":4},"end":{"line":26,"column":83}},"7":{"start":{"line":28,"column":21},"end":{"line":28,"column":50}},"8":{"start":{"line":29,"column":2},"end":{"line":38,"column":null}},"9":{"start":{"line":32,"column":23},"end":{"line":32,"column":81}},"10":{"start":{"line":36,"column":4},"end":{"line":36,"column":52}},"11":{"start":{"line":37,"column":4},"end":{"line":37,"column":35}},"12":{"start":{"line":40,"column":2},"end":{"line":40,"column":20}},"13":{"start":{"line":23,"column":13},"end":{"line":23,"column":32}}},"fnMap":{"0":{"name":"(anonymous_0)","decl":{"start":{"line":23,"column":32},"end":{"line":23,"column":37}},"loc":{"start":{"line":23,"column":64},"end":{"line":41,"column":1}}},"1":{"name":"(anonymous_1)","decl":{"start":{"line":32,"column":6},"end":{"line":32,"column":19}},"loc":{"start":{"line":32,"column":23},"end":{"line":32,"column":81}}}},"branchMap":{"0":{"loc":{"start":{"line":25,"column":2},"end":{"line":26,"column":83}},"type":"if","locations":[{"start":{"line":25,"column":2},"end":{"line":26,"column":83}}]},"1":{"loc":{"start":{"line":29,"column":2},"end":{"line":38,"column":null}},"type":"if","locations":[{"start":{"line":29,"column":2},"end":{"line":38,"column":null}}]},"2":{"loc":{"start":{"line":30,"column":4},"end":{"line":32,"column":null}},"type":"binary-expr","locations":[{"start":{"line":30,"column":4},"end":{"line":30,"column":21}},{"start":{"line":31,"column":4},"end":{"line":32,"column":null}}]}},"s":{"0":7,"1":7,"2":7,"3":7,"4":3,"5":3,"6":2,"7":1,"8":1,"9":0,"10":1,"11":1,"12":1,"13":7},"f":{"0":3,"1":0},"b":{"0":[2],"1":[1],"2":[1,1]}}
,"/Users/bruneljohnson/Desktop/BRUNEL'S CODE/Visual Studio Code/Projects/Full-Stack/Sneakerz/packages/user-service/src/service/create-user-auth0cid.ts": {"path":"/Users/bruneljohnson/Desktop/BRUNEL'S CODE/Visual Studio Code/Projects/Full-Stack/Sneakerz/packages/user-service/src/service/create-user-auth0cid.ts","statementMap":{"0":{"start":{"line":1,"column":0},"end":{"line":1,"column":33}},"1":{"start":{"line":10,"column":27},"end":{"line":34,"column":1}},"2":{"start":{"line":11,"column":28},"end":{"line":11,"column":70}},"3":{"start":{"line":13,"column":2},"end":{"line":23,"column":null}},"4":{"start":{"line":14,"column":37},"end":{"line":20,"column":6}},"5":{"start":{"line":21,"column":20},"end":{"line":21,"column":53}},"6":{"start":{"line":22,"column":4},"end":{"line":22,"column":19}},"7":{"start":{"line":25,"column":2},"end":{"line":33,"column":null}},"8":{"start":{"line":26,"column":4},"end":{"line":26,"column":29}},"9":{"start":{"line":28,"column":4},"end":{"line":32,"column":6}},"10":{"start":{"line":10,"column":13},"end":{"line":10,"column":27}}},"fnMap":{"0":{"name":"(anonymous_0)","decl":{"start":{"line":10,"column":27},"end":{"line":10,"column":32}},"loc":{"start":{"line":10,"column":52},"end":{"line":34,"column":1}}}},"branchMap":{"0":{"loc":{"start":{"line":13,"column":2},"end":{"line":23,"column":null}},"type":"if","locations":[{"start":{"line":13,"column":2},"end":{"line":23,"column":null}}]},"1":{"loc":{"start":{"line":25,"column":2},"end":{"line":33,"column":null}},"type":"if","locations":[{"start":{"line":25,"column":2},"end":{"line":33,"column":null}},{"start":{"line":27,"column":9},"end":{"line":33,"column":null}}]},"2":{"loc":{"start":{"line":25,"column":6},"end":{"line":25,"column":56}},"type":"binary-expr","locations":[{"start":{"line":25,"column":6},"end":{"line":25,"column":10}},{"start":{"line":25,"column":14},"end":{"line":25,"column":56}}]},"3":{"loc":{"start":{"line":30,"column":8},"end":{"line":30,"column":null}},"type":"cond-expr","locations":[{"start":{"line":30,"column":42},"end":{"line":30,"column":68}},{"start":{"line":30,"column":71},"end":{"line":30,"column":null}}]}},"s":{"0":7,"1":7,"2":0,"3":0,"4":0,"5":0,"6":0,"7":0,"8":0,"9":0,"10":7},"f":{"0":0},"b":{"0":[0],"1":[0,0],"2":[0,0],"3":[0,0]}}
,"/Users/bruneljohnson/Desktop/BRUNEL'S CODE/Visual Studio Code/Projects/Full-Stack/Sneakerz/packages/user-service/src/service/delete-address-for-user.ts": {"path":"/Users/bruneljohnson/Desktop/BRUNEL'S CODE/Visual Studio Code/Projects/Full-Stack/Sneakerz/packages/user-service/src/service/delete-address-for-user.ts","statementMap":{"0":{"start":{"line":1,"column":0},"end":{"line":1,"column":32}},"1":{"start":{"line":2,"column":0},"end":{"line":2,"column":42}},"2":{"start":{"line":9,"column":29},"end":{"line":33,"column":1}},"3":{"start":{"line":10,"column":2},"end":{"line":12,"column":null}},"4":{"start":{"line":11,"column":4},"end":{"line":11,"column":54}},"5":{"start":{"line":13,"column":29},"end":{"line":13,"column":63}},"6":{"start":{"line":14,"column":2},"end":{"line":14,"column":76}},"7":{"start":{"line":14,"column":27},"end":{"line":14,"column":76}},"8":{"start":{"line":16,"column":15},"end":{"line":16,"column":72}},"9":{"start":{"line":17,"column":2},"end":{"line":17,"column":65}},"10":{"start":{"line":17,"column":13},"end":{"line":17,"column":65}},"11":{"start":{"line":19,"column":2},"end":{"line":24,"column":null}},"12":{"start":{"line":20,"column":4},"end":{"line":22,"column":6}},"13":{"start":{"line":21,"column":21},"end":{"line":21,"column":85}},"14":{"start":{"line":23,"column":4},"end":{"line":23,"column":22}},"15":{"start":{"line":26,"column":25},"end":{"line":26,"column":60}},"16":{"start":{"line":28,"column":2},"end":{"line":32,"column":null}},"17":{"start":{"line":29,"column":4},"end":{"line":29,"column":11}},"18":{"start":{"line":31,"column":4},"end":{"line":31,"column":48}},"19":{"start":{"line":9,"column":13},"end":{"line":9,"column":29}}},"fnMap":{"0":{"name":"(anonymous_1)","decl":{"start":{"line":9,"column":29},"end":{"line":9,"column":34}},"loc":{"start":{"line":9,"column":50},"end":{"line":33,"column":1}}},"1":{"name":"(anonymous_2)","decl":{"start":{"line":21,"column":6},"end":{"line":21,"column":17}},"loc":{"start":{"line":21,"column":21},"end":{"line":21,"column":85}}}},"branchMap":{"0":{"loc":{"start":{"line":10,"column":2},"end":{"line":12,"column":null}},"type":"if","locations":[{"start":{"line":10,"column":2},"end":{"line":12,"column":null}}]},"1":{"loc":{"start":{"line":14,"column":2},"end":{"line":14,"column":76}},"type":"if","locations":[{"start":{"line":14,"column":2},"end":{"line":14,"column":76}}]},"2":{"loc":{"start":{"line":17,"column":2},"end":{"line":17,"column":65}},"type":"if","locations":[{"start":{"line":17,"column":2},"end":{"line":17,"column":65}}]},"3":{"loc":{"start":{"line":19,"column":2},"end":{"line":24,"column":null}},"type":"if","locations":[{"start":{"line":19,"column":2},"end":{"line":24,"column":null}}]},"4":{"loc":{"start":{"line":28,"column":2},"end":{"line":32,"column":null}},"type":"if","locations":[{"start":{"line":28,"column":2},"end":{"line":32,"column":null}},{"start":{"line":30,"column":9},"end":{"line":32,"column":null}}]}},"s":{"0":7,"1":7,"2":7,"3":5,"4":1,"5":4,"6":4,"7":1,"8":3,"9":3,"10":1,"11":2,"12":2,"13":0,"14":2,"15":2,"16":2,"17":1,"18":1,"19":7},"f":{"0":5,"1":0},"b":{"0":[1],"1":[1],"2":[1],"3":[2],"4":[1,1]}}
,"/Users/bruneljohnson/Desktop/BRUNEL'S CODE/Visual Studio Code/Projects/Full-Stack/Sneakerz/packages/user-service/src/service/delete-single-user.ts": {"path":"/Users/bruneljohnson/Desktop/BRUNEL'S CODE/Visual Studio Code/Projects/Full-Stack/Sneakerz/packages/user-service/src/service/delete-single-user.ts","statementMap":{"0":{"start":{"line":1,"column":0},"end":{"line":1,"column":32}},"1":{"start":{"line":2,"column":0},"end":{"line":2,"column":42}},"2":{"start":{"line":10,"column":26},"end":{"line":31,"column":1}},"3":{"start":{"line":11,"column":2},"end":{"line":13,"column":null}},"4":{"start":{"line":12,"column":4},"end":{"line":12,"column":51}},"5":{"start":{"line":14,"column":15},"end":{"line":14,"column":46}},"6":{"start":{"line":15,"column":2},"end":{"line":15,"column":59}},"7":{"start":{"line":15,"column":13},"end":{"line":15,"column":59}},"8":{"start":{"line":17,"column":2},"end":{"line":22,"column":null}},"9":{"start":{"line":19,"column":4},"end":{"line":19,"column":94}},"10":{"start":{"line":19,"column":44},"end":{"line":19,"column":92}},"11":{"start":{"line":20,"column":4},"end":{"line":20,"column":22}},"12":{"start":{"line":24,"column":22},"end":{"line":24,"column":55}},"13":{"start":{"line":26,"column":2},"end":{"line":30,"column":null}},"14":{"start":{"line":27,"column":4},"end":{"line":27,"column":11}},"15":{"start":{"line":29,"column":4},"end":{"line":29,"column":45}},"16":{"start":{"line":10,"column":13},"end":{"line":10,"column":26}}},"fnMap":{"0":{"name":"(anonymous_1)","decl":{"start":{"line":10,"column":26},"end":{"line":10,"column":31}},"loc":{"start":{"line":10,"column":47},"end":{"line":31,"column":1}}},"1":{"name":"(anonymous_2)","decl":{"start":{"line":19,"column":23},"end":{"line":19,"column":28}},"loc":{"start":{"line":19,"column":44},"end":{"line":19,"column":92}}}},"branchMap":{"0":{"loc":{"start":{"line":11,"column":2},"end":{"line":13,"column":null}},"type":"if","locations":[{"start":{"line":11,"column":2},"end":{"line":13,"column":null}}]},"1":{"loc":{"start":{"line":15,"column":2},"end":{"line":15,"column":59}},"type":"if","locations":[{"start":{"line":15,"column":2},"end":{"line":15,"column":59}}]},"2":{"loc":{"start":{"line":17,"column":2},"end":{"line":22,"column":null}},"type":"if","locations":[{"start":{"line":17,"column":2},"end":{"line":22,"column":null}}]},"3":{"loc":{"start":{"line":26,"column":2},"end":{"line":30,"column":null}},"type":"if","locations":[{"start":{"line":26,"column":2},"end":{"line":30,"column":null}},{"start":{"line":28,"column":9},"end":{"line":30,"column":null}}]}},"s":{"0":7,"1":7,"2":7,"3":4,"4":1,"5":3,"6":3,"7":1,"8":2,"9":2,"10":0,"11":2,"12":2,"13":2,"14":1,"15":1,"16":7},"f":{"0":4,"1":0},"b":{"0":[1],"1":[1],"2":[2],"3":[1,1]}}
,"/Users/bruneljohnson/Desktop/BRUNEL'S CODE/Visual Studio Code/Projects/Full-Stack/Sneakerz/packages/user-service/src/service/get-single-user.ts": {"path":"/Users/bruneljohnson/Desktop/BRUNEL'S CODE/Visual Studio Code/Projects/Full-Stack/Sneakerz/packages/user-service/src/service/get-single-user.ts","statementMap":{"0":{"start":{"line":1,"column":0},"end":{"line":1,"column":32}},"1":{"start":{"line":2,"column":0},"end":{"line":2,"column":33}},"2":{"start":{"line":11,"column":23},"end":{"line":21,"column":1}},"3":{"start":{"line":12,"column":2},"end":{"line":14,"column":null}},"4":{"start":{"line":13,"column":4},"end":{"line":13,"column":51}},"5":{"start":{"line":15,"column":15},"end":{"line":17,"column":11}},"6":{"start":{"line":18,"column":2},"end":{"line":18,"column":59}},"7":{"start":{"line":18,"column":13},"end":{"line":18,"column":59}},"8":{"start":{"line":20,"column":2},"end":{"line":20,"column":14}},"9":{"start":{"line":11,"column":13},"end":{"line":11,"column":23}}},"fnMap":{"0":{"name":"(anonymous_1)","decl":{"start":{"line":11,"column":23},"end":{"line":11,"column":28}},"loc":{"start":{"line":11,"column":44},"end":{"line":21,"column":1}}}},"branchMap":{"0":{"loc":{"start":{"line":12,"column":2},"end":{"line":14,"column":null}},"type":"if","locations":[{"start":{"line":12,"column":2},"end":{"line":14,"column":null}}]},"1":{"loc":{"start":{"line":18,"column":2},"end":{"line":18,"column":59}},"type":"if","locations":[{"start":{"line":18,"column":2},"end":{"line":18,"column":59}}]}},"s":{"0":7,"1":7,"2":7,"3":3,"4":1,"5":2,"6":2,"7":1,"8":1,"9":7},"f":{"0":3},"b":{"0":[1],"1":[1]}}
,"/Users/bruneljohnson/Desktop/BRUNEL'S CODE/Visual Studio Code/Projects/Full-Stack/Sneakerz/packages/user-service/src/service/index.ts": {"path":"/Users/bruneljohnson/Desktop/BRUNEL'S CODE/Visual Studio Code/Projects/Full-Stack/Sneakerz/packages/user-service/src/service/index.ts","statementMap":{"0":{"start":{"line":2,"column":0},"end":{"line":2,"column":34}},"1":{"start":{"line":3,"column":0},"end":{"line":3,"column":39}},"2":{"start":{"line":4,"column":0},"end":{"line":4,"column":37}},"3":{"start":{"line":5,"column":0},"end":{"line":5,"column":37}},"4":{"start":{"line":8,"column":0},"end":{"line":8,"column":42}},"5":{"start":{"line":9,"column":0},"end":{"line":9,"column":42}},"6":{"start":{"line":10,"column":0},"end":{"line":10,"column":42}}},"fnMap":{},"branchMap":{},"s":{"0":7,"1":7,"2":7,"3":7,"4":7,"5":7,"6":7},"f":{},"b":{}}
,"/Users/bruneljohnson/Desktop/BRUNEL'S CODE/Visual Studio Code/Projects/Full-Stack/Sneakerz/packages/user-service/src/service/update-address-for-user.ts": {"path":"/Users/bruneljohnson/Desktop/BRUNEL'S CODE/Visual Studio Code/Projects/Full-Stack/Sneakerz/packages/user-service/src/service/update-address-for-user.ts","statementMap":{"0":{"start":{"line":1,"column":0},"end":{"line":1,"column":24}},"1":{"start":{"line":2,"column":0},"end":{"line":2,"column":32}},"2":{"start":{"line":3,"column":0},"end":{"line":3,"column":42}},"3":{"start":{"line":9,"column":13},"end":{"line":16,"column":3}},"4":{"start":{"line":27,"column":29},"end":{"line":50,"column":1}},"5":{"start":{"line":28,"column":2},"end":{"line":30,"column":null}},"6":{"start":{"line":29,"column":4},"end":{"line":29,"column":54}},"7":{"start":{"line":33,"column":33},"end":{"line":36,"column":4}},"8":{"start":{"line":37,"column":2},"end":{"line":37,"column":72}},"9":{"start":{"line":37,"column":23},"end":{"line":37,"column":72}},"10":{"start":{"line":38,"column":2},"end":{"line":38,"column":64}},"11":{"start":{"line":38,"column":13},"end":{"line":38,"column":64}},"12":{"start":{"line":40,"column":2},"end":{"line":42,"column":null}},"13":{"start":{"line":41,"column":4},"end":{"line":41,"column":61}},"14":{"start":{"line":44,"column":25},"end":{"line":47,"column":4}},"15":{"start":{"line":49,"column":2},"end":{"line":49,"column":24}},"16":{"start":{"line":27,"column":13},"end":{"line":27,"column":29}}},"fnMap":{"0":{"name":"(anonymous_1)","decl":{"start":{"line":27,"column":29},"end":{"line":27,"column":34}},"loc":{"start":{"line":27,"column":79},"end":{"line":50,"column":1}}}},"branchMap":{"0":{"loc":{"start":{"line":28,"column":2},"end":{"line":30,"column":null}},"type":"if","locations":[{"start":{"line":28,"column":2},"end":{"line":30,"column":null}}]},"1":{"loc":{"start":{"line":37,"column":2},"end":{"line":37,"column":72}},"type":"if","locations":[{"start":{"line":37,"column":2},"end":{"line":37,"column":72}}]},"2":{"loc":{"start":{"line":38,"column":2},"end":{"line":38,"column":64}},"type":"if","locations":[{"start":{"line":38,"column":2},"end":{"line":38,"column":64}}]},"3":{"loc":{"start":{"line":40,"column":2},"end":{"line":42,"column":null}},"type":"if","locations":[{"start":{"line":40,"column":2},"end":{"line":42,"column":null}}]}},"s":{"0":7,"1":7,"2":7,"3":7,"4":7,"5":5,"6":1,"7":4,"8":4,"9":1,"10":3,"11":1,"12":2,"13":1,"14":1,"15":1,"16":7},"f":{"0":5},"b":{"0":[1],"1":[1],"2":[1],"3":[1]}}
,"/Users/bruneljohnson/Desktop/BRUNEL'S CODE/Visual Studio Code/Projects/Full-Stack/Sneakerz/packages/user-service/src/service/update-single-user.ts": {"path":"/Users/bruneljohnson/Desktop/BRUNEL'S CODE/Visual Studio Code/Projects/Full-Stack/Sneakerz/packages/user-service/src/service/update-single-user.ts","statementMap":{"0":{"start":{"line":1,"column":0},"end":{"line":1,"column":32}},"1":{"start":{"line":2,"column":0},"end":{"line":2,"column":33}},"2":{"start":{"line":3,"column":0},"end":{"line":3,"column":24}},"3":{"start":{"line":8,"column":13},"end":{"line":14,"column":3}},"4":{"start":{"line":24,"column":26},"end":{"line":42,"column":1}},"5":{"start":{"line":25,"column":2},"end":{"line":27,"column":null}},"6":{"start":{"line":26,"column":4},"end":{"line":26,"column":51}},"7":{"start":{"line":29,"column":15},"end":{"line":29,"column":46}},"8":{"start":{"line":30,"column":2},"end":{"line":30,"column":59}},"9":{"start":{"line":30,"column":13},"end":{"line":30,"column":59}},"10":{"start":{"line":32,"column":2},"end":{"line":34,"column":null}},"11":{"start":{"line":33,"column":4},"end":{"line":33,"column":61}},"12":{"start":{"line":36,"column":22},"end":{"line":39,"column":4}},"13":{"start":{"line":41,"column":2},"end":{"line":41,"column":21}},"14":{"start":{"line":24,"column":13},"end":{"line":24,"column":26}}},"fnMap":{"0":{"name":"(anonymous_1)","decl":{"start":{"line":24,"column":26},"end":{"line":24,"column":31}},"loc":{"start":{"line":24,"column":73},"end":{"line":42,"column":1}}}},"branchMap":{"0":{"loc":{"start":{"line":25,"column":2},"end":{"line":27,"column":null}},"type":"if","locations":[{"start":{"line":25,"column":2},"end":{"line":27,"column":null}}]},"1":{"loc":{"start":{"line":30,"column":2},"end":{"line":30,"column":59}},"type":"if","locations":[{"start":{"line":30,"column":2},"end":{"line":30,"column":59}}]},"2":{"loc":{"start":{"line":32,"column":2},"end":{"line":34,"column":null}},"type":"if","locations":[{"start":{"line":32,"column":2},"end":{"line":34,"column":null}}]}},"s":{"0":7,"1":7,"2":7,"3":7,"4":7,"5":4,"6":1,"7":3,"8":3,"9":1,"10":2,"11":1,"12":1,"13":1,"14":7},"f":{"0":4},"b":{"0":[1],"1":[1],"2":[1]}}
,"/Users/bruneljohnson/Desktop/BRUNEL'S CODE/Visual Studio Code/Projects/Full-Stack/Sneakerz/packages/user-service/src/types/helpers-type.model.ts": {"path":"/Users/bruneljohnson/Desktop/BRUNEL'S CODE/Visual Studio Code/Projects/Full-Stack/Sneakerz/packages/user-service/src/types/helpers-type.model.ts","statementMap":{"0":{"start":{"line":93,"column":0},"end":{"line":93,"column":null}},"1":{"start":{"line":94,"column":2},"end":{"line":94,"column":null}},"2":{"start":{"line":95,"column":2},"end":{"line":95,"column":null}},"3":{"start":{"line":96,"column":2},"end":{"line":96,"column":null}},"4":{"start":{"line":97,"column":2},"end":{"line":97,"column":null}},"5":{"start":{"line":98,"column":2},"end":{"line":98,"column":null}}},"fnMap":{"0":{"name":"(anonymous_0)","decl":{"start":{"line":93,"column":0},"end":{"line":93,"column":12}},"loc":{"start":{"line":93,"column":23},"end":{"line":99,"column":1}}}},"branchMap":{"0":{"loc":{"start":{"line":93,"column":12},"end":{"line":93,"column":null}},"type":"binary-expr","locations":[{"start":{"line":93,"column":12},"end":{"line":93,"column":23}},{"start":{"line":93,"column":23},"end":{"line":93,"column":null}}]}},"s":{"0":10,"1":10,"2":10,"3":10,"4":10,"5":10},"f":{"0":10},"b":{"0":[10,10]}}
}
