TN:
SF:lib/user-service-stack.ts
FN:15,(anonymous_7)
FNF:1
FNH:1
FNDA:1,(anonymous_7)
DA:1,1
DA:3,1
DA:4,1
DA:5,1
DA:6,1
DA:7,1
DA:8,1
DA:9,1
DA:10,1
DA:14,1
DA:16,1
DA:19,1
DA:44,1
DA:51,1
DA:52,1
DA:58,1
DA:91,1
DA:107,1
DA:125,1
DA:144,1
DA:160,1
DA:176,1
DA:192,1
DA:193,1
DA:194,1
DA:195,1
DA:200,1
DA:219,1
DA:235,1
DA:251,1
DA:252,1
DA:253,1
DA:256,1
DA:257,1
DA:260,1
DA:266,1
DA:273,1
DA:280,1
DA:287,1
DA:294,1
DA:301,1
DA:308,1
DA:315,1
DA:322,1
DA:329,1
DA:336,1
DA:343,1
DA:350,1
DA:358,1
DA:359,1
DA:360,1
DA:361,1
DA:362,1
DA:363,1
DA:364,1
DA:365,1
DA:366,1
DA:367,1
LF:58
LH:58
BRF:0
BRH:0
end_of_record
TN:
SF:src/config/auth.ts
FN:14,(anonymous_1)
FNF:1
FNH:1
FNDA:2,(anonymous_1)
DA:1,1
DA:3,1
DA:14,1
DA:15,2
DA:16,2
DA:17,2
DA:21,2
DA:24,2
DA:25,2
DA:27,1
DA:29,0
DA:32,1
LF:12
LH:11
BRDA:16,0,0,2
BRDA:16,0,1,0
BRDA:16,1,0,2
BRDA:16,1,1,2
BRF:4
BRH:3
end_of_record
TN:
SF:src/config/get-management-accesstoken.ts
FN:10,(anonymous_1)
FN:39,(anonymous_2)
FN:69,(anonymous_3)
FNF:3
FNH:2
FNDA:1,(anonymous_1)
FNDA:0,(anonymous_2)
FNDA:1,(anonymous_3)
DA:1,1
DA:2,1
DA:10,1
DA:11,1
DA:12,1
DA:13,1
DA:14,1
DA:16,1
DA:27,1
DA:28,1
DA:30,0
DA:39,1
DA:40,0
DA:41,0
DA:42,0
DA:44,0
DA:55,0
DA:56,0
DA:58,0
DA:69,1
DA:70,1
DA:71,1
DA:75,0
DA:77,0
DA:84,0
DA:86,1
LF:26
LH:15
BRF:0
BRH:0
end_of_record
TN:
SF:src/config/index.ts
FNF:0
FNH:0
DA:1,1
DA:2,1
LF:2
LH:2
BRF:0
BRH:0
end_of_record
TN:
SF:src/config/database/db.ts
FN:6,(anonymous_1)
FN:16,(anonymous_2)
FNF:2
FNH:2
FNDA:29,(anonymous_1)
FNDA:7,(anonymous_2)
DA:1,7
DA:3,7
DA:4,7
DA:6,7
DA:7,29
DA:8,0
DA:11,29
DA:12,7
DA:16,7
DA:19,7
DA:22,29
LF:11
LH:10
BRDA:7,0,0,0
BRDA:11,1,0,7
BRF:2
BRH:1
end_of_record
TN:
SF:src/controllers/catch-all.ts
FN:3,(anonymous_0)
FNF:1
FNH:1
FNDA:1,(anonymous_0)
DA:3,1
DA:4,1
LF:2
LH:2
BRF:0
BRH:0
end_of_record
TN:
SF:src/controllers/create-user-address.ts
FN:7,(anonymous_0)
FNF:1
FNH:1
FNDA:4,(anonymous_0)
DA:2,1
DA:3,1
DA:7,1
DA:8,4
DA:9,4
DA:11,4
DA:13,4
DA:14,4
DA:16,4
DA:17,3
DA:18,3
DA:26,3
DA:27,1
DA:33,1
DA:36,3
DA:37,3
LF:16
LH:16
BRDA:13,0,0,4
BRDA:13,0,1,0
BRDA:16,1,0,3
BRDA:16,1,1,1
BRF:4
BRH:3
end_of_record
TN:
SF:src/controllers/delete-user-address.ts
FN:6,(anonymous_0)
FNF:1
FNH:1
FNDA:6,(anonymous_0)
DA:2,1
DA:3,1
DA:6,1
DA:7,6
DA:8,6
DA:9,6
DA:10,6
DA:11,1
DA:17,5
DA:19,5
DA:21,1
DA:27,4
DA:28,4
LF:13
LH:13
BRDA:10,0,0,1
BRF:1
BRH:1
end_of_record
TN:
SF:src/controllers/delete-user.ts
FN:6,(anonymous_0)
FNF:1
FNH:1
FNDA:5,(anonymous_0)
DA:2,1
DA:3,1
DA:6,1
DA:7,5
DA:8,5
DA:10,5
DA:11,5
DA:12,1
DA:18,4
DA:20,4
DA:22,1
DA:28,3
DA:29,3
LF:13
LH:13
BRDA:11,0,0,1
BRF:1
BRH:1
end_of_record
TN:
SF:src/controllers/get-user.ts
FN:6,(anonymous_0)
FNF:1
FNH:1
FNDA:4,(anonymous_0)
DA:2,1
DA:3,1
DA:6,1
DA:7,4
DA:8,4
DA:9,4
DA:10,4
DA:11,1
DA:17,3
DA:19,3
DA:21,1
DA:27,2
DA:28,2
LF:13
LH:13
BRDA:10,0,0,1
BRF:1
BRH:1
end_of_record
TN:
SF:src/controllers/get-userinfo-create-user.ts
FN:9,(anonymous_0)
FNF:1
FNH:1
FNDA:2,(anonymous_0)
DA:2,1
DA:3,1
DA:4,1
DA:5,1
DA:7,1
DA:9,1
DA:10,2
DA:11,2
DA:13,2
DA:15,2
DA:16,1
DA:18,1
DA:24,1
DA:25,1
LF:14
LH:14
BRF:0
BRH:0
end_of_record
TN:
SF:src/controllers/health-check.ts
FN:3,(anonymous_0)
FNF:1
FNH:1
FNDA:1,(anonymous_0)
DA:3,1
DA:4,1
LF:2
LH:2
BRF:0
BRH:0
end_of_record
TN:
SF:src/controllers/update-user-address.ts
FN:7,(anonymous_0)
FNF:1
FNH:1
FNDA:7,(anonymous_0)
DA:2,1
DA:3,1
DA:7,1
DA:8,7
DA:9,7
DA:10,7
DA:11,7
DA:12,1
DA:18,6
DA:19,6
DA:20,6
DA:22,6
DA:23,5
DA:24,5
DA:32,5
DA:33,1
DA:39,1
DA:42,5
DA:43,5
LF:19
LH:19
BRDA:11,0,0,1
BRDA:19,1,0,6
BRDA:19,1,1,0
BRDA:22,2,0,5
BRDA:22,2,1,1
BRF:5
BRH:4
end_of_record
TN:
SF:src/controllers/update-user.ts
FN:7,(anonymous_0)
FNF:1
FNH:1
FNDA:6,(anonymous_0)
DA:2,1
DA:3,1
DA:7,1
DA:8,6
DA:9,6
DA:10,6
DA:11,6
DA:12,1
DA:18,5
DA:19,5
DA:20,5
DA:22,5
DA:23,4
DA:24,4
DA:31,4
DA:32,1
DA:38,1
DA:41,4
DA:42,4
LF:19
LH:19
BRDA:11,0,0,1
BRDA:19,1,0,5
BRDA:19,1,1,0
BRDA:22,2,0,4
BRDA:22,2,1,1
BRF:5
BRH:4
end_of_record
TN:
SF:src/models/Address.ts
FNF:0
FNH:0
DA:1,7
DA:4,7
DA:40,7
LF:3
LH:3
BRF:0
BRH:0
end_of_record
TN:
SF:src/models/User.ts
FNF:0
FNH:0
DA:1,7
DA:2,7
DA:5,7
DA:48,7
LF:4
LH:4
BRF:0
BRH:0
end_of_record
TN:
SF:src/models/index.ts
FNF:0
FNH:0
DA:1,7
DA:2,7
LF:2
LH:2
BRF:0
BRH:0
end_of_record
TN:
SF:src/service/create-address-for-user.ts
FN:23,(anonymous_0)
FN:32,(anonymous_1)
FNF:2
FNH:1
FNDA:3,(anonymous_0)
FNDA:0,(anonymous_1)
DA:1,7
DA:2,7
DA:7,7
DA:23,7
DA:24,3
DA:25,3
DA:26,2
DA:28,1
DA:29,1
DA:32,0
DA:36,1
DA:37,1
DA:40,1
LF:13
LH:12
BRDA:25,0,0,2
BRDA:29,1,0,1
BRDA:30,2,0,1
BRDA:30,2,1,1
BRF:4
BRH:4
end_of_record
TN:
SF:src/service/create-user-auth0cid.ts
FN:10,(anonymous_0)
FNF:1
FNH:0
FNDA:0,(anonymous_0)
DA:1,7
DA:10,7
DA:11,0
DA:13,0
DA:14,0
DA:21,0
DA:22,0
DA:25,0
DA:26,0
DA:28,0
LF:10
LH:2
BRDA:13,0,0,0
BRDA:25,1,0,0
BRDA:25,1,1,0
BRDA:25,2,0,0
BRDA:25,2,1,0
BRDA:30,3,0,0
BRDA:30,3,1,0
BRF:7
BRH:0
end_of_record
TN:
SF:src/service/delete-address-for-user.ts
FN:9,(anonymous_1)
FN:21,(anonymous_2)
FNF:2
FNH:1
FNDA:5,(anonymous_1)
FNDA:0,(anonymous_2)
DA:1,7
DA:2,7
DA:9,7
DA:10,5
DA:11,1
DA:13,4
DA:14,4
DA:16,3
DA:17,3
DA:19,2
DA:20,2
DA:21,0
DA:23,2
DA:26,2
DA:28,2
DA:29,1
DA:31,1
LF:17
LH:16
BRDA:10,0,0,1
BRDA:14,1,0,1
BRDA:17,2,0,1
BRDA:19,3,0,2
BRDA:28,4,0,1
BRDA:28,4,1,1
BRF:6
BRH:6
end_of_record
TN:
SF:src/service/delete-single-user.ts
FN:10,(anonymous_1)
FN:19,(anonymous_2)
FNF:2
FNH:1
FNDA:4,(anonymous_1)
FNDA:0,(anonymous_2)
DA:1,7
DA:2,7
DA:10,7
DA:11,4
DA:12,1
DA:14,3
DA:15,3
DA:17,2
DA:19,2
DA:20,2
DA:24,2
DA:26,2
DA:27,1
DA:29,1
LF:14
LH:14
BRDA:11,0,0,1
BRDA:15,1,0,1
BRDA:17,2,0,2
BRDA:26,3,0,1
BRDA:26,3,1,1
BRF:5
BRH:5
end_of_record
TN:
SF:src/service/get-single-user.ts
FN:11,(anonymous_1)
FNF:1
FNH:1
FNDA:3,(anonymous_1)
DA:1,7
DA:2,7
DA:11,7
DA:12,3
DA:13,1
DA:15,2
DA:18,2
DA:20,1
LF:8
LH:8
BRDA:12,0,0,1
BRDA:18,1,0,1
BRF:2
BRH:2
end_of_record
TN:
SF:src/service/index.ts
FNF:0
FNH:0
DA:2,7
DA:3,7
DA:4,7
DA:5,7
DA:8,7
DA:9,7
DA:10,7
LF:7
LH:7
BRF:0
BRH:0
end_of_record
TN:
SF:src/service/update-address-for-user.ts
FN:27,(anonymous_1)
FNF:1
FNH:1
FNDA:5,(anonymous_1)
DA:1,7
DA:2,7
DA:3,7
DA:9,7
DA:27,7
DA:28,5
DA:29,1
DA:33,4
DA:37,4
DA:38,3
DA:40,2
DA:41,1
DA:44,1
DA:49,1
LF:14
LH:14
BRDA:28,0,0,1
BRDA:37,1,0,1
BRDA:38,2,0,1
BRDA:40,3,0,1
BRF:4
BRH:4
end_of_record
TN:
SF:src/service/update-single-user.ts
FN:24,(anonymous_1)
FNF:1
FNH:1
FNDA:4,(anonymous_1)
DA:1,7
DA:2,7
DA:3,7
DA:8,7
DA:24,7
DA:25,4
DA:26,1
DA:29,3
DA:30,3
DA:32,2
DA:33,1
DA:36,1
DA:41,1
LF:13
LH:13
BRDA:25,0,0,1
BRDA:30,1,0,1
BRDA:32,2,0,1
BRF:3
BRH:3
end_of_record
TN:
SF:src/types/helpers-type.model.ts
FN:93,(anonymous_0)
FNF:1
FNH:1
FNDA:10,(anonymous_0)
DA:93,10
DA:94,10
DA:95,10
DA:96,10
DA:97,10
DA:98,10
LF:6
LH:6
BRDA:93,0,0,10
BRDA:93,0,1,10
BRF:2
BRH:2
end_of_record
